{"name": "Проверка добавления товаров в корзину на стоимость больше максимальной возможной в Yandex Browser", "status": "failed", "statusDetails": {"message": "AssertionError: Итоговая сумма корзины больше максимальной\n  assert 100097 <= 100000\nassert False", "trace": "self = <test_negative.TestNegative object at 0x000001FE13FEA850>, driver = <selenium.webdriver.chrome.webdriver.WebDriver (session=\"8f30364ce316d0e41493abfc3a2b5dea\")>\nuser_authorization = None, browser_name = 'Yandex Browser'\n\n    @allure.title(\"Проверка добавления товаров в корзину на стоимость \"\n                  \"больше максимальной возможной в {browser_name}\")\n    @allure.description(\"Проверка добавления в корзину товаров больше \"\n                        \"максимальной стоимость и что система не позволяет\"\n                        \" добавить больше\")\n    @pytest.mark.parametrize(\"browser_name\",\n                             [\"Mozilla Firefox\", \"Google Chrome\",\n                              \"Microsoft Edge\", \"Yandex Browser\"])\n    def test_more_max_total(self, driver, user_authorization,\n                            browser_name):\n        allure.dynamic.parameter(\"Браузер\", browser_name)\n        with allure.step(\"Открытие страницы и иницилизация объектов\"):\n            shop = ShopPage(driver)\n            cart = CartPage(driver)\n    \n        with allure.step(\"Перейти в корзину\"):\n            shop.open_cart()\n    \n        with allure.step(f\"Увеличивать количество товара, пока общая сумма не превысит {MAX_TOTAL}\"):\n            current_total = 0\n            while current_total <= MAX_TOTAL:\n                cart.add_product_1()\n                current_total = int(cart.get_total().split()[-2])\n    \n        with allure.step(f\"Проверка, что обшая сумма не превышает {MAX_TOTAL}\"):\n            try:\n>               assert current_total <= MAX_TOTAL, \\\n                    \"Итоговая сумма корзины больше максимальной\"\nE                   AssertionError: Итоговая сумма корзины больше максимальной\nE                   assert 100097 <= 100000\n\ntests\\test_negative.py:70: AssertionError\n\nDuring handling of the above exception, another exception occurred:\n\nself = <test_negative.TestNegative object at 0x000001FE13FEA850>, driver = <selenium.webdriver.chrome.webdriver.WebDriver (session=\"8f30364ce316d0e41493abfc3a2b5dea\")>\nuser_authorization = None, browser_name = 'Yandex Browser'\n\n    @allure.title(\"Проверка добавления товаров в корзину на стоимость \"\n                  \"больше максимальной возможной в {browser_name}\")\n    @allure.description(\"Проверка добавления в корзину товаров больше \"\n                        \"максимальной стоимость и что система не позволяет\"\n                        \" добавить больше\")\n    @pytest.mark.parametrize(\"browser_name\",\n                             [\"Mozilla Firefox\", \"Google Chrome\",\n                              \"Microsoft Edge\", \"Yandex Browser\"])\n    def test_more_max_total(self, driver, user_authorization,\n                            browser_name):\n        allure.dynamic.parameter(\"Браузер\", browser_name)\n        with allure.step(\"Открытие страницы и иницилизация объектов\"):\n            shop = ShopPage(driver)\n            cart = CartPage(driver)\n    \n        with allure.step(\"Перейти в корзину\"):\n            shop.open_cart()\n    \n        with allure.step(f\"Увеличивать количество товара, пока общая сумма не превысит {MAX_TOTAL}\"):\n            current_total = 0\n            while current_total <= MAX_TOTAL:\n                cart.add_product_1()\n                current_total = int(cart.get_total().split()[-2])\n    \n        with allure.step(f\"Проверка, что обшая сумма не превышает {MAX_TOTAL}\"):\n            try:\n                assert current_total <= MAX_TOTAL, \\\n                    \"Итоговая сумма корзины больше максимальной\"\n            except AssertionError as e:\n                # В случае несовпадения - логирование ошибки\n                allure.attach(\n                    str(e),\n                    name=f\"Текст ошибки\",\n                    attachment_type=allure.attachment_type.TEXT\n                )\n                # Принудительное падение теста\n>               assert False, str(e)\nE               AssertionError: Итоговая сумма корзины больше максимальной\nE                 assert 100097 <= 100000\nE               assert False\n\ntests\\test_negative.py:80: AssertionError"}, "description": "Проверка добавления в корзину товаров больше максимальной стоимость и что система не позволяет добавить больше", "steps": [{"name": "Открытие страницы и иницилизация объектов", "status": "passed", "start": 1753781650532, "stop": 1753781650532}, {"name": "Перейти в корзину", "status": "passed", "start": 1753781650532, "stop": 1753781651262}, {"name": "Увеличивать количество товара, пока общая сумма не превысит 100000", "status": "passed", "start": 1753781651263, "stop": 1753781931483}, {"name": "Проверка, что обшая сумма не превышает 100000", "status": "failed", "statusDetails": {"message": "AssertionError: Итоговая сумма корзины больше максимальной\n  assert 100097 <= 100000\nassert False\n", "trace": "  File \"C:\\Users\\miros\\PycharmProjects\\test_91.197.96.80\\tests\\test_negative.py\", line 80, in test_more_max_total\n    assert False, str(e)\n"}, "attachments": [{"name": "Текст ошибки", "source": "d3f7ff14-f483-4370-ac0f-019231462a0d-attachment.txt", "type": "text/plain"}], "start": 1753781931483, "stop": 1753781931484}], "attachments": [{"name": "screenshot_on_failure", "source": "f05344fc-866c-487c-8c57-1e648358b7a7-attachment.png", "type": "image/png"}, {"name": "page_source", "source": "8e07e95a-7df2-4f3c-97ff-8411f4878daa-attachment.html", "type": "text/html"}], "parameters": [{"name": "browser_name", "value": "'Yandex Browser'"}, {"name": "Браузер", "value": "'Yandex Browser'"}], "start": 1753781650531, "stop": 1753781931486, "uuid": "d11fe1c3-e7ac-4e63-8e69-a003eacde99b", "historyId": "4207b9ca0851bb9b2bf5b0393479f3c9", "testCaseId": "8286c6748e65693097ceaacc3ac0688b", "fullName": "tests.test_negative.TestNegative#test_more_max_total", "labels": [{"name": "parentSuite", "value": "tests"}, {"name": "suite", "value": "test_negative"}, {"name": "subSuite", "value": "TestNegative"}, {"name": "host", "value": "Miroslav"}, {"name": "thread", "value": "9500-MainThread"}, {"name": "framework", "value": "pytest"}, {"name": "language", "value": "cpython3"}, {"name": "package", "value": "tests.test_negative"}]}