{"name": "Проверка добавления товаров в корзину на стоимость больше максимальной возможной в Mozilla Firefox", "status": "failed", "statusDetails": {"message": "AssertionError: Итоговая сумма корзины больше максимальной\n  assert 100097 <= 100000\nassert False", "trace": "self = <test_negative.TestNegative object at 0x000001FE1407C3B0>, driver = <selenium.webdriver.firefox.webdriver.WebDriver (session=\"02c8d1c7-5c76-4af2-9135-d55d2e3b9218\")>\nuser_authorization = None, browser_name = 'Mozilla Firefox'\n\n    @allure.title(\"Проверка добавления товаров в корзину на стоимость \"\n                  \"больше максимальной возможной в {browser_name}\")\n    @allure.description(\"Проверка добавления в корзину товаров больше \"\n                        \"максимальной стоимость и что система не позволяет\"\n                        \" добавить больше\")\n    @pytest.mark.parametrize(\"browser_name\",\n                             [\"Mozilla Firefox\", \"Google Chrome\",\n                              \"Microsoft Edge\", \"Yandex Browser\"])\n    def test_more_max_total(self, driver, user_authorization,\n                            browser_name):\n        allure.dynamic.parameter(\"Браузер\", browser_name)\n        with allure.step(\"Открытие страницы и иницилизация объектов\"):\n            shop = ShopPage(driver)\n            cart = CartPage(driver)\n    \n        with allure.step(\"Перейти в корзину\"):\n            shop.open_cart()\n    \n        with allure.step(f\"Увеличивать количество товара, пока общая сумма не превысит {MAX_TOTAL}\"):\n            current_total = 0\n            while current_total <= MAX_TOTAL:\n                cart.add_product_1()\n                current_total = int(cart.get_total().split()[-2])\n    \n        with allure.step(f\"Проверка, что обшая сумма не превышает {MAX_TOTAL}\"):\n            try:\n>               assert current_total <= MAX_TOTAL, \\\n                    \"Итоговая сумма корзины больше максимальной\"\nE                   AssertionError: Итоговая сумма корзины больше максимальной\nE                   assert 100097 <= 100000\n\ntests\\test_negative.py:70: AssertionError\n\nDuring handling of the above exception, another exception occurred:\n\nself = <test_negative.TestNegative object at 0x000001FE1407C3B0>, driver = <selenium.webdriver.firefox.webdriver.WebDriver (session=\"02c8d1c7-5c76-4af2-9135-d55d2e3b9218\")>\nuser_authorization = None, browser_name = 'Mozilla Firefox'\n\n    @allure.title(\"Проверка добавления товаров в корзину на стоимость \"\n                  \"больше максимальной возможной в {browser_name}\")\n    @allure.description(\"Проверка добавления в корзину товаров больше \"\n                        \"максимальной стоимость и что система не позволяет\"\n                        \" добавить больше\")\n    @pytest.mark.parametrize(\"browser_name\",\n                             [\"Mozilla Firefox\", \"Google Chrome\",\n                              \"Microsoft Edge\", \"Yandex Browser\"])\n    def test_more_max_total(self, driver, user_authorization,\n                            browser_name):\n        allure.dynamic.parameter(\"Браузер\", browser_name)\n        with allure.step(\"Открытие страницы и иницилизация объектов\"):\n            shop = ShopPage(driver)\n            cart = CartPage(driver)\n    \n        with allure.step(\"Перейти в корзину\"):\n            shop.open_cart()\n    \n        with allure.step(f\"Увеличивать количество товара, пока общая сумма не превысит {MAX_TOTAL}\"):\n            current_total = 0\n            while current_total <= MAX_TOTAL:\n                cart.add_product_1()\n                current_total = int(cart.get_total().split()[-2])\n    \n        with allure.step(f\"Проверка, что обшая сумма не превышает {MAX_TOTAL}\"):\n            try:\n                assert current_total <= MAX_TOTAL, \\\n                    \"Итоговая сумма корзины больше максимальной\"\n            except AssertionError as e:\n                # В случае несовпадения - логирование ошибки\n                allure.attach(\n                    str(e),\n                    name=f\"Текст ошибки\",\n                    attachment_type=allure.attachment_type.TEXT\n                )\n                # Принудительное падение теста\n>               assert False, str(e)\nE               AssertionError: Итоговая сумма корзины больше максимальной\nE                 assert 100097 <= 100000\nE               assert False\n\ntests\\test_negative.py:80: AssertionError"}, "description": "Проверка добавления в корзину товаров больше максимальной стоимость и что система не позволяет добавить больше", "steps": [{"name": "Открытие страницы и иницилизация объектов", "status": "passed", "start": 1753780726272, "stop": 1753780726272}, {"name": "Перейти в корзину", "status": "passed", "start": 1753780726272, "stop": 1753780726901}, {"name": "Увеличивать количество товара, пока общая сумма не превысит 100000", "status": "passed", "start": 1753780726901, "stop": 1753781057411}, {"name": "Проверка, что обшая сумма не превышает 100000", "status": "failed", "statusDetails": {"message": "AssertionError: Итоговая сумма корзины больше максимальной\n  assert 100097 <= 100000\nassert False\n", "trace": "  File \"C:\\Users\\miros\\PycharmProjects\\test_91.197.96.80\\tests\\test_negative.py\", line 80, in test_more_max_total\n    assert False, str(e)\n"}, "attachments": [{"name": "Текст ошибки", "source": "157d05fd-f3b0-4684-9b59-b456cc72d6f6-attachment.txt", "type": "text/plain"}], "start": 1753781057411, "stop": 1753781057413}], "attachments": [{"name": "screenshot_on_failure", "source": "276ea1b2-9a31-484c-af49-158acc833a56-attachment.png", "type": "image/png"}, {"name": "page_source", "source": "00a05251-fc06-4d16-b31e-92dfd8df7a20-attachment.html", "type": "text/html"}], "parameters": [{"name": "browser_name", "value": "'Mozilla Firefox'"}, {"name": "Браузер", "value": "'Mozilla Firefox'"}], "start": 1753780726272, "stop": 1753781057414, "uuid": "d1149cb3-01ff-4599-86e8-a2f3d58c052c", "historyId": "c46145196286a6467d9c727b36be9941", "testCaseId": "8286c6748e65693097ceaacc3ac0688b", "fullName": "tests.test_negative.TestNegative#test_more_max_total", "labels": [{"name": "parentSuite", "value": "tests"}, {"name": "suite", "value": "test_negative"}, {"name": "subSuite", "value": "TestNegative"}, {"name": "host", "value": "Miroslav"}, {"name": "thread", "value": "9500-MainThread"}, {"name": "framework", "value": "pytest"}, {"name": "language", "value": "cpython3"}, {"name": "package", "value": "tests.test_negative"}]}