{"name": "Проверка добавления товаров в корзину больше максимального в Microsoft Edge", "status": "failed", "statusDetails": {"message": "AssertionError: В корзину добавляется больше 100 единиц товара\n  assert 102 <= 100\n   +  where 102 = int('102')\nassert False", "trace": "self = <test_negative.TestNegative object at 0x000001FE13F5F6F0>, driver = <selenium.webdriver.edge.webdriver.WebDriver (session=\"86d99cd4481d2a19c8b7ba0dbaf9c56d\")>\nuser_authorization = None, browser_name = 'Microsoft Edge'\n\n    @allure.title(\"Проверка добавления товаров в корзину больше максимального\"\n                  \" в {browser_name}\")\n    @allure.description(\"Проверка добавления в корзину товаров больше \"\n                        \"максимального и что система не позволяет добавить больше\")\n    @pytest.mark.parametrize(\"browser_name\",\n                         [\"Mozilla Firefox\", \"Google Chrome\",\n                          \"Microsoft Edge\", \"Yandex Browser\"])\n    def test_more_max_goods(self, driver, user_authorization,\n                            browser_name):\n        allure.dynamic.parameter(\"Браузер\", browser_name)\n        with allure.step(\"Открытие страницы и иницилизация объектов\"):\n            shop = ShopPage(driver)\n    \n        with allure.step(\"Добавление товаров в корзину больше максимального на 1\"):\n            for _ in range(MAX_QUANTITY + 1):\n                shop.add_product_1()\n    \n        with allure.step(f\"Проверка, что в корзине не больше {MAX_QUANTITY} штук\"):\n            count_goods = shop.get_quantity_goods_in_cart()\n            try:\n>               assert int(count_goods) <= MAX_QUANTITY, \\\n                    f\"В корзину добавляется больше {MAX_QUANTITY} единиц товара\"\nE                   AssertionError: В корзину добавляется больше 100 единиц товара\nE                   assert 102 <= 100\nE                    +  where 102 = int('102')\n\ntests\\test_negative.py:32: AssertionError\n\nDuring handling of the above exception, another exception occurred:\n\nself = <test_negative.TestNegative object at 0x000001FE13F5F6F0>, driver = <selenium.webdriver.edge.webdriver.WebDriver (session=\"86d99cd4481d2a19c8b7ba0dbaf9c56d\")>\nuser_authorization = None, browser_name = 'Microsoft Edge'\n\n    @allure.title(\"Проверка добавления товаров в корзину больше максимального\"\n                  \" в {browser_name}\")\n    @allure.description(\"Проверка добавления в корзину товаров больше \"\n                        \"максимального и что система не позволяет добавить больше\")\n    @pytest.mark.parametrize(\"browser_name\",\n                         [\"Mozilla Firefox\", \"Google Chrome\",\n                          \"Microsoft Edge\", \"Yandex Browser\"])\n    def test_more_max_goods(self, driver, user_authorization,\n                            browser_name):\n        allure.dynamic.parameter(\"Браузер\", browser_name)\n        with allure.step(\"Открытие страницы и иницилизация объектов\"):\n            shop = ShopPage(driver)\n    \n        with allure.step(\"Добавление товаров в корзину больше максимального на 1\"):\n            for _ in range(MAX_QUANTITY + 1):\n                shop.add_product_1()\n    \n        with allure.step(f\"Проверка, что в корзине не больше {MAX_QUANTITY} штук\"):\n            count_goods = shop.get_quantity_goods_in_cart()\n            try:\n                assert int(count_goods) <= MAX_QUANTITY, \\\n                    f\"В корзину добавляется больше {MAX_QUANTITY} единиц товара\"\n            except AssertionError as e:\n                # В случае несовпадения - логирование ошибки\n                allure.attach(\n                    str(e),\n                    name=f\"Текст ошибки\",\n                    attachment_type=allure.attachment_type.TEXT\n                )\n                # Принудительное падение теста\n>               assert False, str(e)\nE               AssertionError: В корзину добавляется больше 100 единиц товара\nE                 assert 102 <= 100\nE                  +  where 102 = int('102')\nE               assert False\n\ntests\\test_negative.py:42: AssertionError"}, "description": "Проверка добавления в корзину товаров больше максимального и что система не позволяет добавить больше", "steps": [{"name": "Открытие страницы и иницилизация объектов", "status": "passed", "start": 1753780554261, "stop": 1753780554261}, {"name": "Добавление товаров в корзину больше максимального на 1", "status": "passed", "start": 1753780554261, "stop": 1753780623046}, {"name": "Проверка, что в корзине не больше 100 штук", "status": "failed", "statusDetails": {"message": "AssertionError: В корзину добавляется больше 100 единиц товара\n  assert 102 <= 100\n   +  where 102 = int('102')\nassert False\n", "trace": "  File \"C:\\Users\\miros\\PycharmProjects\\test_91.197.96.80\\tests\\test_negative.py\", line 42, in test_more_max_goods\n    assert False, str(e)\n"}, "attachments": [{"name": "Текст ошибки", "source": "359f0e0f-07aa-4101-bd00-0e2e73693ede-attachment.txt", "type": "text/plain"}], "start": 1753780623046, "stop": 1753780623087}], "attachments": [{"name": "screenshot_on_failure", "source": "dd33d508-e789-4407-bf7d-22f16a9b409a-attachment.png", "type": "image/png"}, {"name": "page_source", "source": "15ba7b9e-fe9e-4ac2-b5de-8b096ecedab0-attachment.html", "type": "text/html"}, {"name": "log", "source": "30842a62-4719-40f3-92a2-3d68ddc838d4-attachment.txt", "type": "text/plain"}], "parameters": [{"name": "browser_name", "value": "'Microsoft Edge'"}, {"name": "Браузер", "value": "'Microsoft Edge'"}], "start": 1753780554261, "stop": 1753780623089, "uuid": "bdf6f0e9-7f62-433a-96b1-763396cd5f1a", "historyId": "9b9a528271f99acc0c216e78916d9509", "testCaseId": "0ca059bc5c302985e0d317e60700118c", "fullName": "tests.test_negative.TestNegative#test_more_max_goods", "labels": [{"name": "parentSuite", "value": "tests"}, {"name": "suite", "value": "test_negative"}, {"name": "subSuite", "value": "TestNegative"}, {"name": "host", "value": "Miroslav"}, {"name": "thread", "value": "9500-MainThread"}, {"name": "framework", "value": "pytest"}, {"name": "language", "value": "cpython3"}, {"name": "package", "value": "tests.test_negative"}]}