{"name": "Проверка добавления товаров в корзину на стоимость больше максимальной возможной в Yandex Browser", "status": "failed", "statusDetails": {"message": "AssertionError: Итоговая сумма корзины больше максимальной\n  assert 100097 <= 100000\nassert False", "trace": "self = <test_negative.TestNegative object at 0x00000207C4E7A750>, driver = <selenium.webdriver.chrome.webdriver.WebDriver (session=\"f72aef9396c70e3f059bc7849b7fa2c2\")>\nuser_authorization = None, browser_name = 'Yandex Browser'\n\n    @allure.title(\"Проверка добавления товаров в корзину на стоимость \"\n                  \"больше максимальной возможной в {browser_name}\")\n    @allure.description(\"Проверка добавления в корзину товаров больше \"\n                        \"максимальной стоимость и что система не позволяет\"\n                        \" добавить больше\")\n    @pytest.mark.parametrize(\"browser_name\",\n                             [\"Mozilla Firefox\", \"Google Chrome\",\n                              \"Microsoft Edge\", \"Yandex Browser\"])\n    def test_more_max_total(self, driver, user_authorization,\n                            browser_name):\n        allure.dynamic.parameter(\"Браузер\", browser_name)\n        with allure.step(\"Открытие страницы и иницилизация объектов\"):\n            shop = ShopPage(driver)\n            cart = CartPage(driver)\n    \n        with allure.step(\"Перейти в корзину\"):\n            shop.open_cart()\n    \n        with allure.step(f\"Увеличивать количество товара, пока общая сумма не превысит {MAX_TOTAL}\"):\n            current_total = 0\n            while current_total <= MAX_TOTAL:\n                cart.add_product_1()\n                current_total = int(cart.get_total().split()[-2])\n    \n        with allure.step(f\"Проверка, что обшая сумма не превышает {MAX_TOTAL}\"):\n            try:\n>               assert current_total <= MAX_TOTAL, \\\n                    \"Итоговая сумма корзины больше максимальной\"\nE                   AssertionError: Итоговая сумма корзины больше максимальной\nE                   assert 100097 <= 100000\n\ntests\\test_negative.py:70: AssertionError\n\nDuring handling of the above exception, another exception occurred:\n\nself = <test_negative.TestNegative object at 0x00000207C4E7A750>, driver = <selenium.webdriver.chrome.webdriver.WebDriver (session=\"f72aef9396c70e3f059bc7849b7fa2c2\")>\nuser_authorization = None, browser_name = 'Yandex Browser'\n\n    @allure.title(\"Проверка добавления товаров в корзину на стоимость \"\n                  \"больше максимальной возможной в {browser_name}\")\n    @allure.description(\"Проверка добавления в корзину товаров больше \"\n                        \"максимальной стоимость и что система не позволяет\"\n                        \" добавить больше\")\n    @pytest.mark.parametrize(\"browser_name\",\n                             [\"Mozilla Firefox\", \"Google Chrome\",\n                              \"Microsoft Edge\", \"Yandex Browser\"])\n    def test_more_max_total(self, driver, user_authorization,\n                            browser_name):\n        allure.dynamic.parameter(\"Браузер\", browser_name)\n        with allure.step(\"Открытие страницы и иницилизация объектов\"):\n            shop = ShopPage(driver)\n            cart = CartPage(driver)\n    \n        with allure.step(\"Перейти в корзину\"):\n            shop.open_cart()\n    \n        with allure.step(f\"Увеличивать количество товара, пока общая сумма не превысит {MAX_TOTAL}\"):\n            current_total = 0\n            while current_total <= MAX_TOTAL:\n                cart.add_product_1()\n                current_total = int(cart.get_total().split()[-2])\n    \n        with allure.step(f\"Проверка, что обшая сумма не превышает {MAX_TOTAL}\"):\n            try:\n                assert current_total <= MAX_TOTAL, \\\n                    \"Итоговая сумма корзины больше максимальной\"\n            except AssertionError as e:\n                # В случае несовпадения - логирование ошибки\n                allure.attach(\n                    str(e),\n                    name=f\"Текст ошибки\",\n                    attachment_type=allure.attachment_type.TEXT\n                )\n                # Принудительное падение теста\n>               assert False, str(e)\nE               AssertionError: Итоговая сумма корзины больше максимальной\nE                 assert 100097 <= 100000\nE               assert False\n\ntests\\test_negative.py:80: AssertionError"}, "description": "Проверка добавления в корзину товаров больше максимальной стоимость и что система не позволяет добавить больше", "steps": [{"name": "Открытие страницы и иницилизация объектов", "status": "passed", "start": 1753783706003, "stop": 1753783706003}, {"name": "Перейти в корзину", "status": "passed", "start": 1753783706003, "stop": 1753783706793}, {"name": "Увеличивать количество товара, пока общая сумма не превысит 100000", "status": "passed", "start": 1753783706793, "stop": 1753783821147}, {"name": "Проверка, что обшая сумма не превышает 100000", "status": "failed", "statusDetails": {"message": "AssertionError: Итоговая сумма корзины больше максимальной\n  assert 100097 <= 100000\nassert False\n", "trace": "  File \"C:\\Users\\miros\\PycharmProjects\\test_91.197.96.80\\tests\\test_negative.py\", line 80, in test_more_max_total\n    assert False, str(e)\n"}, "attachments": [{"name": "Текст ошибки", "source": "9990ccc7-bdfc-4a1e-9758-84a7b4fd2797-attachment.txt", "type": "text/plain"}], "start": 1753783821147, "stop": 1753783821148}], "attachments": [{"name": "screenshot_on_failure", "source": "cfc4a565-8231-4378-848e-5508e8d9cf50-attachment.png", "type": "image/png"}, {"name": "page_source", "source": "f517ac6b-d730-4e83-ae34-9a992ab80055-attachment.html", "type": "text/html"}], "parameters": [{"name": "browser_name", "value": "'Yandex Browser'"}, {"name": "Браузер", "value": "'Yandex Browser'"}], "start": 1753783706002, "stop": 1753783821149, "uuid": "243afffa-4011-4a51-8ab4-4ee3b41bf2da", "historyId": "4207b9ca0851bb9b2bf5b0393479f3c9", "testCaseId": "8286c6748e65693097ceaacc3ac0688b", "fullName": "tests.test_negative.TestNegative#test_more_max_total", "labels": [{"name": "parentSuite", "value": "tests"}, {"name": "suite", "value": "test_negative"}, {"name": "subSuite", "value": "TestNegative"}, {"name": "host", "value": "Miroslav"}, {"name": "thread", "value": "14636-MainThread"}, {"name": "framework", "value": "pytest"}, {"name": "language", "value": "cpython3"}, {"name": "package", "value": "tests.test_negative"}]}